<?xml version="1.0" encoding="UTF-8"?>
<testng-results skipped="0" failed="0" ignored="0" total="1" passed="1">
  <reporter-output>
  </reporter-output>
  <suite name="Default suite" duration-ms="15517" started-at="2021-11-16T13:58:30Z" finished-at="2021-11-16T13:58:45Z">
    <groups>
    </groups>
    <test name="Default test" duration-ms="15517" started-at="2021-11-16T13:58:30Z" finished-at="2021-11-16T13:58:45Z">
      <class name="division.TC_1">
        <test-method status="PASS" signature="setup()[pri:0, instance:division.TC_1@5f2108b5]" name="setup" is-config="true" duration-ms="63" started-at="2021-11-16T13:58:30Z" finished-at="2021-11-16T13:58:30Z">
          <reporter-output>
          </reporter-output>
        </test-method> <!-- setup -->
        <test-method status="PASS" signature="f()[pri:0, instance:division.TC_1@5f2108b5]" name="f" duration-ms="15391" started-at="2021-11-16T13:58:30Z" finished-at="2021-11-16T13:58:45Z">
          <reporter-output>
          </reporter-output>
        </test-method> <!-- f -->
      </class> <!-- division.TC_1 -->
    </test> <!-- Default test -->
  </suite> <!-- Default suite -->
</testng-results>
